<?xml version="1.0" encoding="UTF-8"?>
<testsuite name="tourGuide.TestRewardsService" tests="3" skipped="0" failures="0" errors="0" timestamp="2023-02-15T14:47:37" hostname="DESKTOP-1E3B440" time="0.124">
  <properties/>
  <testcase name="nearAllAttractions" classname="tourGuide.TestRewardsService" time="0.039"/>
  <testcase name="userGetRewards" classname="tourGuide.TestRewardsService" time="0.073"/>
  <testcase name="isWithinAttractionProximity" classname="tourGuide.TestRewardsService" time="0.011"/>
  <system-out><![CDATA[15:47:37.873 [Test worker] INFO tourGuide.service.TourGuideTestService - TestMode enabled
15:47:37.874 [Test worker] DEBUG tourGuide.service.TourGuideTestService - Initializing users
15:47:37.885 [Test worker] DEBUG tourGuide.service.TourGuideTestService - Created 1 internal test users.
15:47:37.886 [Test worker] DEBUG tourGuide.service.TourGuideTestService - Finished initializing users
15:47:37.886 [pool-5-thread-1] DEBUG tourGuide.tracker.Tracker - Begin Tracker. Tracking 1 users.
15:47:37.913 [Test worker] INFO tourGuide.service.TourGuideTestService - TestMode enabled
15:47:37.914 [Test worker] DEBUG tourGuide.service.TourGuideTestService - Initializing users
15:47:37.914 [Test worker] DEBUG tourGuide.service.TourGuideTestService - Created 0 internal test users.
15:47:37.914 [Test worker] DEBUG tourGuide.service.TourGuideTestService - Finished initializing users
15:47:37.914 [pool-6-thread-1] DEBUG tourGuide.tracker.Tracker - Begin Tracker. Tracking 0 users.
15:47:37.914 [pool-6-thread-1] DEBUG tourGuide.tracker.Tracker - Tracker Time Elapsed: 0 seconds.
15:47:37.914 [pool-6-thread-1] DEBUG tourGuide.tracker.Tracker - Tracker sleeping
15:47:37.915 [pool-5-thread-1] DEBUG tourGuide.tracker.Tracker - Tracker Time Elapsed: 0 seconds.
15:47:37.916 [pool-5-thread-1] DEBUG tourGuide.tracker.Tracker - Tracker sleeping
]]></system-out>
  <system-err><![CDATA[]]></system-err>
</testsuite>
