<?xml version="1.0" encoding="UTF-8"?>
<testsuite name="tourGuide.TestRewardsService" tests="3" skipped="0" failures="0" errors="0" timestamp="2023-03-24T11:22:01" hostname="DESKTOP-1E3B440" time="13.434">
  <properties/>
  <testcase name="nearAllAttractions" classname="tourGuide.TestRewardsService" time="0.387"/>
  <testcase name="userGetRewards" classname="tourGuide.TestRewardsService" time="13.036"/>
  <testcase name="isWithinAttractionProximity" classname="tourGuide.TestRewardsService" time="0.011"/>
  <system-out><![CDATA[12:22:01.861 [Test worker] INFO tourGuide.service.TourGuideService - TestMode enabled
12:22:01.876 [Test worker] DEBUG tourGuide.service.TourGuideService - Initializing users
12:22:02.002 [Test worker] DEBUG tourGuide.service.TourGuideService - Created 1 internal test users.
12:22:02.002 [Test worker] DEBUG tourGuide.service.TourGuideService - Finished initializing users
12:22:02.024 [pool-1-thread-1] DEBUG tourGuide.tracker.Tracker - Begin Tracker. Tracking 1 users.
12:22:02.055 [Test worker] INFO tourGuide.service.TourGuideService - TestMode enabled
12:22:02.055 [Test worker] DEBUG tourGuide.service.TourGuideService - Initializing users
12:22:02.056 [Test worker] DEBUG tourGuide.service.TourGuideService - Created 0 internal test users.
12:22:02.057 [Test worker] DEBUG tourGuide.service.TourGuideService - Finished initializing users
12:22:02.058 [pool-2-thread-1] DEBUG tourGuide.tracker.Tracker - Begin Tracker. Tracking 0 users.
12:22:02.059 [pool-2-thread-1] DEBUG tourGuide.tracker.Tracker - Tracker Time Elapsed: 0 seconds.
12:22:02.059 [pool-2-thread-1] DEBUG tourGuide.tracker.Tracker - Tracker sleeping
]]></system-out>
  <system-err><![CDATA[Mar 24, 2023 12:22:01 PM org.javamoney.moneta.DefaultMonetaryContextFactory createMonetaryContextNonNullConfig
INFO: Using custom MathContext: precision=256, roundingMode=HALF_EVEN
]]></system-err>
</testsuite>
